{
  "RSpec": {
    "coverage": {
      "/home/ubuntu/workspace/hw-acceptance-unit-test-cycle/rottenpotatoes/app/helpers/application_helper.rb": [
        1,
        null
      ],
      "/home/ubuntu/workspace/hw-acceptance-unit-test-cycle/rottenpotatoes/app/helpers/movies_helper.rb": [
        1,
        null,
        1,
        0,
        null,
        null
      ],
      "/home/ubuntu/workspace/hw-acceptance-unit-test-cycle/rottenpotatoes/app/controllers/movies_controller.rb": [
        1,
        null,
        1,
        0,
        null,
        null,
        1,
        0,
        0,
        null,
        null,
        null,
        1,
        0,
        0,
        null,
        0,
        null,
        0,
        null,
        0,
        0,
        null,
        0,
        0,
        null,
        null,
        0,
        0,
        0,
        0,
        null,
        0,
        null,
        null,
        1,
        null,
        null,
        null,
        1,
        0,
        0,
        0,
        null,
        null,
        1,
        0,
        null,
        null,
        1,
        0,
        0,
        0,
        0,
        null,
        null,
        1,
        0,
        0,
        0,
        0,
        null,
        null,
        1,
        2,
        2,
        null,
        2,
        1,
        1,
        null,
        null,
        1,
        null,
        null,
        null,
        null
      ],
      "/home/ubuntu/workspace/hw-acceptance-unit-test-cycle/rottenpotatoes/app/controllers/application_controller.rb": [
        1,
        1,
        null
      ],
      "/home/ubuntu/workspace/hw-acceptance-unit-test-cycle/rottenpotatoes/app/models/movie.rb": [
        1,
        1,
        0,
        null,
        null,
        1,
        2,
        null,
        null
      ]
    },
    "timestamp": 1508103758
  },
  "Cucumber Features": {
    "coverage": {
      "/home/ubuntu/workspace/hw-acceptance-unit-test-cycle/rottenpotatoes/app/models/movie.rb": [
        1,
        1,
        20,
        null,
        null,
        1,
        1,
        null,
        null
      ],
      "/home/ubuntu/workspace/hw-acceptance-unit-test-cycle/rottenpotatoes/app/controllers/movies_controller.rb": [
        1,
        null,
        1,
        2,
        null,
        null,
        1,
        4,
        4,
        null,
        null,
        null,
        1,
        20,
        20,
        null,
        1,
        null,
        1,
        null,
        1,
        null,
        null,
        20,
        20,
        54,
        null,
        null,
        11,
        6,
        null,
        5,
        null,
        null,
        1,
        null,
        null,
        null,
        5,
        null,
        null,
        null,
        20,
        20,
        null,
        20,
        null,
        null,
        1,
        null,
        null,
        null,
        1,
        1,
        1,
        1,
        null,
        null,
        1,
        1,
        null,
        null,
        1,
        1,
        1,
        1,
        1,
        null,
        null,
        1,
        1,
        1,
        1,
        1,
        null,
        null,
        1,
        2,
        2,
        null,
        2,
        1,
        1,
        null,
        null,
        1,
        null,
        null,
        null,
        null
      ],
      "/home/ubuntu/workspace/hw-acceptance-unit-test-cycle/rottenpotatoes/app/controllers/application_controller.rb": [
        1,
        1,
        null
      ],
      "/home/ubuntu/workspace/hw-acceptance-unit-test-cycle/rottenpotatoes/app/helpers/application_helper.rb": [
        1,
        null
      ],
      "/home/ubuntu/workspace/hw-acceptance-unit-test-cycle/rottenpotatoes/app/helpers/movies_helper.rb": [
        1,
        null,
        1,
        20,
        null,
        null
      ]
    },
    "timestamp": 1508156284
  }
}
